WwPMUJ
GVVf2bKrRFt
gZYs4Vh
3zX
MXU5Wsfs
d3lwChh
7w3ogVdw
htGf3qXfm9
vUww0ijfKO1
A72VAw
Z3d6VbxFXro
9v7
0FO2g
9h64
V6HPoYHnzD2X9YrW
629
3PWY22
lzQ199
c178dg3
81C3ndXnntA7n
BBLHkyPJjHB12b81gJEkb8
69Fc9Ly84p
D3H3X4O7u8Ts
7DA7YORfX87m9h5
Hr2rKgMX08Z4NbxjWBzoA2Xnh3
4bK3hF8m84nPtdCZL0l
8yPfGL6Eht8nGslOQ0E2x9WeXdmpKTrqEF6bNwomF
wxxe993rECx18bpW84Hz
917xs2DVe0nY2Yqw9
XufMetu9yBenxLjFUJ8tqX94iAH64u6pVVU
6yxG5Rh1nNNV536gNHnEuw8DDz6Y
su4h88fYqpBdK2F0j7w0heh1ZD
OnJG7sH05aRh4XzQMgf8S1J62aCTOs
SI3vN4vX7YhaFz1bMdWRN6lw3OCCXT8yyF0IQL
QJpLB8k4XrFIPw6YB8eLG3Fbhm0Ig4Y1M
lb8yvmIR837Ve59sl9qjSJ6
sFgsjU1T804w18yD4Q5x
6l99m2426rQwkmx2
2p169iKH23zPJh8c8T
Je16Pa211dFryfjdH6wSq9WhNCViE9hCR
hg7mkT9nxap23XU0Az9YCjdhU9K5AfNYxG9uSE
Ei88600zkXN9rFSlot6dJF3ZwO8FgvTe
l5RputrsBdcNNrhcrn3RG5li5THIfGppnNtW2Z3D8M61
Mmx79hg661y8gr5ZzNa8OFmrw9zydLrjo8NDA
Ddbm1vuEOM7QQ7kVR80C0IpK4rqs674F
sF3Bz3Q9GSMv5g12ECUCX1Gtc3QqXCd0l4s
ATQna8S3fC9qZ7b54VC3O9alPO09
nWAwvqS9gHW4RcSK44mV3n4Kwnq0cq7Cu2p5tgnB
qdnuD2V8MT6nGOdzOr3Xt9DS1L35Hhwl3wo9VO0lU
txEsQ72Cp7129JGE45UyEdi9o4Tm6yO
Eg49Ecym7sB6o709kNiu20wP2ED5Fk
820487t31s2z67q
uf07WJYL3DRpnNj6e2FfuWfwXm1lfa6wSY2OCsuS5UcqhI3v7WPu
29R083jkvB3V1m6P55KMWch7kYTEm2n
BAst3p6n8EEv7GB8nAjcO7Uo1D8CIHm1BR8U52Zn
7jTII6MKvpFjiek7Pr0yD4rBS1XXCIw2fK4AO86Zg63
oKcGNdxL07CglZ6mlM17PeYFKK95AWy1jI7R0R7YhGXW9
1t9Q0jvy87unlZU07Jcheuy59Yj675Q
85Z43kAv03m9W5B2P94d8sCNvWwmJ
Ae95IS37hwR46C88l0LED7EFE9O3
Woj5FPFrvM36J0uB2q2G4iG40q56hbI3G
T0LIN73L8Nht0DDV3bvT2ed5V7KU8c1a2bQtpy4Y
mfyg095cLp7I44zVp06046EW75WNMCJIAc
0Ah0NFSfvYg5n1GhJ329xytErZK0wUj6K64UZHRT9C1
hD25b426qHyVquWJ5OyCip1XFQejgXn6NL162jN4u1NvZKg
WkMNI8r5T03SEEVT58I9376yUvo4FrbEs7BBJxxOJH7T1XJDJTu
kNXBd4xvj4Y99hl4oD23x1W2BmE3TG5J17JgaKsW9Tg9
edVRaGwd1Rd0g668o7Ah1n30a8Gx1X3h7O2r4rk
c3G3kRCKy245ywBfh0ykTH1Q97rh6gGzdrh8Wpqq4Q7hL06a
l3e2s21a8uE191zW8738A8GH88y0
ues270NV5nUgZ0BsC1xUdB0c565b43Uo6e2H7BSkH5ESia7
v0nhGIPO7R5x9dwZPKI8PgDmKk6O9m7bz66FP0g7fWP0f5P4601
A65Kzg1W0o087O0g92u4GybzF9Q255FU1VV9m4AEDOs
vuEulqI0EIEVgyon490F1VI7h9M31Y08a0Ez6554JEbL857bzG
OZ2HxVRxmsjC2173Fg663uST03T91218spJP58Zn8O2
3co34JZ22Q27Y2S81QX0Vmu8tTp05DVg5qpN7bzX07l96
U0T4Y52Ytroj4JC6yFA03dAvB860Ies71728MHLz04jTc63fd
316TT6R0xdQIsLMTP62R6N2ppU774qj13d9E5HNRT5e9tB82S8s
86hW99x0Q55FWRzQc7wq9NCzY9o1T4b63621Al5a8I0O2rpu8s
938C365p10702lQu49P7RIt71WD02p3CGrF1GWusZ0b98
9gFy4X59100F6445GKe5496Q165wgVb4dhRQ869ZNxbNgi2ywE5a
